<?xml version="1.0" encoding="UTF-8"?>
<Site BuildName="Win32-MSBuild"
	BuildStamp="20240708-2250-Experimental"
	Name="LAPTOP-UBFLRJJ0"
	Generator="ctest-3.30.0-rc3"
	CompilerName="C:/Program Files/Microsoft Visual Studio/2022/Community/VC/Tools/MSVC/14.40.33807/bin/Hostx64/x64/cl.exe"
	CompilerVersion="19.40.33811.0"
	OSName="Windows"
	Hostname="LAPTOP-UBFLRJJ0"
	OSRelease=" Personal"
	OSVersion=" (Build 22631)"
	OSPlatform="AMD64"
	Is64Bits="1"
	VendorString="GenuineIntel"
	VendorID="Intel Corporation"
	FamilyID="6"
	ModelID="14"
	ProcessorCacheSize="-1"
	NumberOfLogicalCPU="8"
	NumberOfPhysicalCPU="4"
	TotalVirtualMemory="17294"
	TotalPhysicalMemory="8078"
	LogicalProcessorsPerPhysical="2"
	ProcessorClockFrequency="1800"
	>
	<Testing>
		<StartDateTime>Jul 09 01:04 W. Europe Summer Time</StartDateTime>
		<StartTestTime>1720479865</StartTestTime>
		<TestList/>
		<EndDateTime>Jul 09 01:04 W. Europe Summer Time</EndDateTime>
		<EndTestTime>1720479865</EndTestTime>
		<ElapsedMinutes>0</ElapsedMinutes>
	</Testing>
</Site>
